[2025-08-02 08:02:44] INFO: GET /api/students/
[2025-08-02 08:05:13] INFO: GET /api/students/
[2025-08-02 08:06:43] INFO: GET /api/students/create
[2025-08-02 08:07:04] INFO: GET /api/students/
[2025-08-02 08:15:58] INFO: GET /api/students/
[2025-08-02 08:21:06] INFO: GET /api/students/
[2025-08-02 08:27:48] INFO: GET /api/students/
[2025-08-02 08:30:21] INFO: GET /api/students/
[2025-08-02 08:30:40] INFO: GET /api/students/
[2025-08-02 08:31:28] INFO: PUT /api/admins/aproved/68875414c1f4fa89ccad9af3
[2025-08-02 08:32:13] INFO: PUT /api/admins/aproved/68875414c1f4fa89ccad9af3
[2025-08-02 08:32:16] INFO: GET /api/students/
[2025-08-02 08:32:17] INFO: PUT /api/admins/aproved/68875414c1f4fa89ccad9af3
[2025-08-02 08:32:20] INFO: PUT /api/admins/aproved/68875414c1f4fa89ccad9af3
[2025-08-02 08:33:44] INFO: PUT /api/admins/aproved/6887552afa2fa53baf20a12d
[2025-08-02 08:33:46] INFO: PUT /api/admins/aproved/68875414c1f4fa89ccad9af3
[2025-08-02 08:33:48] INFO: PUT /api/admins/aproved/68875414c1f4fa89ccad9af3
[2025-08-02 08:33:49] INFO: PUT /api/admins/aproved/6887552afa2fa53baf20a12d
[2025-08-02 09:32:23] INFO: GET /api/students/
[2025-08-02 09:37:28] INFO: GET /api/students/
[2025-08-02 09:37:35] INFO: PUT /api/admins/aproved/68875414c1f4fa89ccad9af3
[2025-08-02 09:41:06] INFO: GET /api/students/
[2025-08-02 09:41:15] INFO: PUT /api/admins/aproved/68875414c1f4fa89ccad9af3
[2025-08-02 09:41:23] INFO: PUT /api/admins/aproved/68875414c1f4fa89ccad9af3
[2025-08-02 09:47:05] INFO: GET /api/students/
[2025-08-02 09:47:09] INFO: PUT /api/admins/aproved/68875414c1f4fa89ccad9af3
[2025-08-02 09:47:11] INFO: PUT /api/admins/aproved/6887552afa2fa53baf20a12d
[2025-08-02 09:52:54] INFO: PUT /api/admins/aproved/68875414c1f4fa89ccad9af3
[2025-08-02 09:52:56] INFO: PUT /api/admins/aproved/68875414c1f4fa89ccad9af3
[2025-08-02 09:52:57] INFO: PUT /api/admins/aproved/68875414c1f4fa89ccad9af3
[2025-08-02 09:52:57] INFO: PUT /api/admins/aproved/68875414c1f4fa89ccad9af3
[2025-08-02 09:52:58] INFO: PUT /api/admins/aproved/68875414c1f4fa89ccad9af3
[2025-08-02 09:52:59] INFO: PUT /api/admins/aproved/68875414c1f4fa89ccad9af3
[2025-08-02 09:52:59] INFO: PUT /api/admins/aproved/68875414c1f4fa89ccad9af3
[2025-08-02 09:53:00] INFO: PUT /api/admins/aproved/68875414c1f4fa89ccad9af3
[2025-08-02 09:53:01] INFO: PUT /api/admins/aproved/68875414c1f4fa89ccad9af3
[2025-08-02 09:53:01] INFO: PUT /api/admins/aproved/68875414c1f4fa89ccad9af3
[2025-08-02 09:53:02] INFO: PUT /api/admins/aproved/68875414c1f4fa89ccad9af3
[2025-08-02 09:53:02] INFO: PUT /api/admins/aproved/68875414c1f4fa89ccad9af3
[2025-08-02 09:53:03] INFO: PUT /api/admins/aproved/68875414c1f4fa89ccad9af3
[2025-08-02 09:53:03] INFO: PUT /api/admins/aproved/68875414c1f4fa89ccad9af3
[2025-08-02 09:53:04] INFO: PUT /api/admins/aproved/68875414c1f4fa89ccad9af3
[2025-08-02 09:53:04] INFO: PUT /api/admins/aproved/68875414c1f4fa89ccad9af3
[2025-08-02 09:53:04] INFO: PUT /api/admins/aproved/68875414c1f4fa89ccad9af3
[2025-08-02 09:53:04] INFO: PUT /api/admins/aproved/68875414c1f4fa89ccad9af3
[2025-08-02 09:56:44] INFO: GET /api/students/
[2025-08-02 09:56:52] INFO: GET /api/students/
[2025-08-02 09:57:00] INFO: GET /api/students/
[2025-08-02 09:57:12] INFO: PUT /api/admins/aproved/68875414c1f4fa89ccad9af3
[2025-08-02 09:57:15] INFO: PUT /api/admins/aproved/68875414c1f4fa89ccad9af3
[2025-08-02 09:57:16] INFO: PUT /api/admins/aproved/68875414c1f4fa89ccad9af3
[2025-08-02 09:57:16] INFO: PUT /api/admins/aproved/68875414c1f4fa89ccad9af3
[2025-08-02 09:57:17] INFO: PUT /api/admins/aproved/68875414c1f4fa89ccad9af3
[2025-08-02 09:58:28] INFO: GET /api/students/
[2025-08-02 09:58:34] INFO: PUT /api/admins/approved/68875414c1f4fa89ccad9af3
[2025-08-02 09:58:34] INFO: Admin approval request fo ID: 68875414c1f4fa89ccad9af3
[2025-08-02 09:58:34] INFO: GET /api/students/
[2025-08-02 10:05:23] INFO: GET /api/students/
[2025-08-02 10:06:40] INFO: GET /api/students/
[2025-08-02 10:06:44] INFO: PUT /api/admins/approved/68875414c1f4fa89ccad9af3
[2025-08-02 10:06:44] INFO: Admin approval request fo ID: 68875414c1f4fa89ccad9af3
[2025-08-02 10:06:44] INFO: GET /api/students/
[2025-08-02 10:07:49] INFO: GET /api/students/
[2025-08-02 10:07:54] INFO: PUT /api/admins/approved/68875414c1f4fa89ccad9af3
[2025-08-02 10:07:54] INFO: Admin approval request fo ID: 68875414c1f4fa89ccad9af3
[2025-08-02 10:07:54] INFO: GET /api/students/
[2025-08-02 10:08:07] INFO: PUT /api/admins/approved/6887552afa2fa53baf20a12d
[2025-08-02 10:08:07] INFO: Admin approval request fo ID: 6887552afa2fa53baf20a12d
[2025-08-02 10:08:07] INFO: GET /api/students/
[2025-08-02 10:08:12] INFO: GET /api/students/
[2025-08-02 10:08:18] INFO: PUT /api/admins/approved/68875414c1f4fa89ccad9af3
[2025-08-02 10:08:18] INFO: Admin approval request fo ID: 68875414c1f4fa89ccad9af3
[2025-08-02 10:08:18] INFO: GET /api/students/
[2025-08-02 10:08:22] INFO: PUT /api/admins/approved/6887552afa2fa53baf20a12d
[2025-08-02 10:08:22] INFO: Admin approval request fo ID: 6887552afa2fa53baf20a12d
[2025-08-02 10:08:22] INFO: GET /api/students/
[2025-08-02 10:08:39] INFO: PUT /api/admins/approved/68875414c1f4fa89ccad9af3
[2025-08-02 10:08:39] INFO: Admin approval request fo ID: 68875414c1f4fa89ccad9af3
[2025-08-02 10:08:39] INFO: GET /api/students/
[2025-08-02 10:09:12] INFO: GET /api/students/
[2025-08-02 10:09:27] INFO: GET /api/students/
[2025-08-02 10:09:29] INFO: PUT /api/admins/approved/68875414c1f4fa89ccad9af3
[2025-08-02 10:09:29] INFO: Admin approval request fo ID: 68875414c1f4fa89ccad9af3
[2025-08-02 10:09:29] INFO: GET /api/students/
[2025-08-02 10:09:37] INFO: GET /api/students/
[2025-08-02 10:09:39] INFO: GET /api/students/
[2025-08-02 10:09:41] INFO: PUT /api/admins/approved/68875414c1f4fa89ccad9af3
[2025-08-02 10:09:41] INFO: Admin approval request fo ID: 68875414c1f4fa89ccad9af3
[2025-08-02 10:09:41] INFO: GET /api/students/
[2025-08-02 10:09:46] INFO: GET /api/students/
[2025-08-02 10:09:50] INFO: GET /api/students/
[2025-08-02 10:18:50] INFO: GET /api/students/
[2025-08-02 10:18:55] INFO: GET /api/students/
[2025-08-02 10:18:58] INFO: PUT /api/admins/approved/68875414c1f4fa89ccad9af3
[2025-08-02 10:18:58] INFO: Admin approval request fo ID: 68875414c1f4fa89ccad9af3
[2025-08-02 10:19:01] INFO: PUT /api/admins/approved/6887552afa2fa53baf20a12d
[2025-08-02 10:19:01] INFO: Admin approval request fo ID: 6887552afa2fa53baf20a12d
[2025-08-02 10:19:06] INFO: GET /api/students/
[2025-08-02 10:25:43] INFO: GET /api/students/
[2025-08-02 10:26:02] INFO: PUT /api/admins/approved/68875414c1f4fa89ccad9af3
[2025-08-02 10:26:02] INFO: Admin approval request fo ID: 68875414c1f4fa89ccad9af3
[2025-08-02 10:26:16] INFO: GET /api/students/
[2025-08-02 13:49:47] INFO: GET /api/students/
[2025-08-02 13:49:50] INFO: GET /api/students/
[2025-08-02 13:49:54] INFO: GET /api/students/
[2025-08-02 13:49:56] INFO: PUT /api/admins/approved/68875414c1f4fa89ccad9af3
[2025-08-02 13:49:56] INFO: Admin approval request fo ID: 68875414c1f4fa89ccad9af3
[2025-08-02 13:49:59] INFO: PUT /api/admins/approved/6887552afa2fa53baf20a12d
[2025-08-02 13:49:59] INFO: Admin approval request fo ID: 6887552afa2fa53baf20a12d
[2025-08-02 13:50:06] INFO: GET /api/students/
[2025-08-02 14:03:26] INFO: GET /api/students/
[2025-08-02 14:05:14] INFO: GET /api/students/
[2025-08-02 14:05:16] INFO: GET /api/students/
[2025-08-02 14:05:17] INFO: GET /api/students/
[2025-08-02 14:05:17] INFO: GET /api/students/
[2025-08-02 14:05:17] INFO: GET /api/students/
[2025-08-02 14:06:02] INFO: GET /api/students/
[2025-08-02 14:06:02] INFO: GET /api/students/
[2025-08-02 14:06:03] INFO: GET /api/students/
[2025-08-02 14:06:03] INFO: GET /api/students/
[2025-08-02 14:06:38] INFO: GET /api/students/
[2025-08-02 14:09:40] INFO: GET /api/students/
[2025-08-02 14:09:41] INFO: GET /api/students/
[2025-08-02 14:09:42] INFO: GET /api/students/
[2025-08-02 14:10:22] INFO: GET /api/students/
[2025-08-02 14:10:24] INFO: PUT /api/admins/approved/68875414c1f4fa89ccad9af3
[2025-08-02 14:10:24] INFO: Admin approval request fo ID: 68875414c1f4fa89ccad9af3
[2025-08-02 14:10:29] INFO: GET /api/students/
[2025-08-02 14:23:54] INFO: GET /api/students/
[2025-08-02 14:40:44] INFO: POST /api/students/create
[2025-08-02 14:40:44] ERROR: Student registered failed: student validation failed: subject: Path `subject` is required., email: Path `email` is required., name: Path `name` is required.
[2025-08-02 15:16:58] INFO: POST /api/students/create
[2025-08-02 15:16:58] ERROR: Student registered failed: student validation failed: subject: Path `subject` is required., password: Path `password` is required., email: Path `email` is required., name: Path `name` is required.
[2025-08-02 15:21:00] INFO: POST /api/students/create
[2025-08-02 15:21:00] ERROR: Student registered failed: student validation failed: subject: Path `subject` is required., password: Path `password` is required., email: Path `email` is required., name: Path `name` is required.
[2025-08-02 15:23:11] INFO: POST /api/students/create
[2025-08-02 15:23:11] ERROR: Student registered failed: student validation failed: subject: Path `subject` is required., password: Path `password` is required., email: Path `email` is required., name: Path `name` is required.
[2025-08-02 15:36:20] INFO: POST /api/students/create
[2025-08-02 15:36:20] ERROR: Student registered failed: student validation failed: subject: Path `subject` is required., password: Path `password` is required., email: Path `email` is required., name: Path `name` is required.
[2025-08-02 15:44:04] INFO: POST /api/students/create
[2025-08-02 15:44:04] ERROR: Student registered failed: student validation failed: subject: Path `subject` is required., password: Path `password` is required., email: Path `email` is required., name: Path `name` is required.
[2025-08-02 15:48:44] INFO: POST /api/students/create
[2025-08-02 15:48:44] ERROR: Student registered failed: student validation failed: subject: Path `subject` is required., password: Path `password` is required., email: Path `email` is required., name: Path `name` is required.
[2025-08-02 15:53:46] INFO: POST /api/students/create
[2025-08-02 15:53:46] ERROR: Student registered failed: student validation failed: subject: Path `subject` is required., password: Path `password` is required., email: Path `email` is required., name: Path `name` is required.
[2025-08-02 15:54:20] INFO: POST /api/students/create
[2025-08-02 15:54:20] ERROR: Student registered failed: student validation failed: subject: Path `subject` is required., password: Path `password` is required., email: Path `email` is required., name: Path `name` is required.
[2025-08-02 15:56:00] INFO: POST /api/students/create
[2025-08-02 15:56:00] ERROR: Student registered failed: student validation failed: subject: Path `subject` is required., password: Path `password` is required., email: Path `email` is required., name: Path `name` is required.
[2025-08-02 16:11:00] INFO: POST /api/students/create
[2025-08-02 16:11:00] ERROR: Student registered failed: student validation failed: subject: Path `subject` is required., password: Path `password` is required., email: Path `email` is required., name: Path `name` is required.
[2025-08-02 16:12:07] INFO: POST /api/students/create
[2025-08-02 16:12:07] ERROR: Student registered failed: student validation failed: subject: Path `subject` is required., password: Path `password` is required., email: Path `email` is required., name: Path `name` is required.
[2025-08-02 16:14:25] INFO: POST /api/students/create
[2025-08-02 16:14:25] INFO: Student created: joe123@gmail.com
[2025-08-02 16:14:42] INFO: GET /api/students/
[2025-08-02 16:14:44] INFO: PUT /api/admins/approved/688dec0902bd22b25c84fcf5
[2025-08-02 16:14:44] INFO: Admin approval request fo ID: 688dec0902bd22b25c84fcf5
[2025-08-02 16:14:49] INFO: GET /api/students/
[2025-08-03 06:12:18] INFO: POST /api/treachers/create
[2025-08-03 06:14:49] INFO: POST /api/teachers/create
[2025-08-03 06:14:49] INFO: Teacher registered: arun@gmail.com
[2025-08-03 06:21:24] INFO: POST /api/teachers/create
[2025-08-03 06:21:24] INFO: Teacher registered: arun@gmail.com
[2025-08-03 06:26:35] INFO: POST /api/teachers/create
[2025-08-03 06:26:35] INFO: Teacher registered: arun@gmail.com
[2025-08-03 06:30:25] INFO: POST /api/students/create
[2025-08-03 06:30:25] INFO: Student created: joe123@gmail.com
[2025-08-03 06:34:09] INFO: GET /api/students/
[2025-08-03 06:38:45] INFO: GET /api/students/
[2025-08-03 06:38:47] INFO: GET /api/students/
[2025-08-03 06:45:34] INFO: GET /api/students/
[2025-08-03 06:45:37] INFO: GET /api/students/
[2025-08-03 06:46:18] INFO: GET /api/students/
[2025-08-03 06:46:19] INFO: GET /api/students/
[2025-08-03 06:46:20] INFO: GET /api/students/
[2025-08-03 06:46:20] INFO: GET /api/students/
[2025-08-03 06:46:21] INFO: GET /api/students/
[2025-08-03 06:47:32] INFO: GET /api/students/
[2025-08-03 06:47:35] INFO: GET /api/students/
[2025-08-03 07:07:19] INFO: GET /api/admins/pending
[2025-08-03 07:33:34] INFO: GET /api/admins/pending
[2025-08-03 12:47:10] INFO: GET /api/admins/pending
[2025-08-03 12:47:49] INFO: PUT /api/admins/approved/teacher/688eb3c398510a1ebb7b6722
[2025-08-03 12:47:53] INFO: PUT /api/admins/approved/student/688eb4a998510a1ebb7b6724
[2025-08-03 12:49:18] INFO: GET /api/admins/pending
[2025-08-03 12:49:21] INFO: PUT /api/admins/approved/student/688eb4a998510a1ebb7b6724
[2025-08-03 12:49:22] INFO: PUT /api/admins/approved/teacher/688eb3c398510a1ebb7b6722
[2025-08-03 12:57:45] INFO: GET /api/admins/pending
[2025-08-03 12:57:46] INFO: PUT /api/admins/approved/student/688eb4a998510a1ebb7b6724
[2025-08-03 12:57:48] INFO: PUT /api/admins/approved/teacher/688eb3c398510a1ebb7b6722
[2025-08-03 14:03:26] INFO: GET /api/admins/pending
[2025-08-03 14:03:29] INFO: GET /api/admins/pending
[2025-08-03 14:03:31] INFO: PUT /api/admins/approved/student/688eb4a998510a1ebb7b6724
[2025-08-03 14:03:31] INFO: student approved with ID: 688eb4a998510a1ebb7b6724
[2025-08-03 14:03:34] INFO: PUT /api/admins/approved/teacher/688eb3c398510a1ebb7b6722
[2025-08-03 14:03:34] INFO: teacher approved with ID: 688eb3c398510a1ebb7b6722
[2025-08-03 14:03:37] INFO: GET /api/admins/pending
[2025-08-03 14:10:48] INFO: GET /api/admins/pending
[2025-08-03 14:11:49] INFO: GET /api/admins/pending
[2025-08-03 14:32:36] INFO: GET /api/admins/pending
[2025-08-03 14:33:31] INFO: GET /api/admins/pending
[2025-08-03 15:10:18] INFO: POST /api/students/create
[2025-08-03 15:10:18] INFO: Student created: joe123@gmail.com
[2025-08-03 15:14:48] INFO: POST /api/teachers/create
[2025-08-03 15:14:48] INFO: Teacher registered: arun@gmail.com
[2025-08-03 15:15:41] INFO: GET /api/admins/pending
[2025-08-03 15:16:13] INFO: GET /api/admins/pending
[2025-08-03 15:18:10] INFO: GET /api/admins/pending
[2025-08-03 15:32:45] INFO: GET /api/admins/pending
[2025-08-03 15:33:33] INFO: GET /api/admins/pending
[2025-08-03 15:33:54] INFO: GET /api/admins/pending
[2025-08-03 15:34:57] INFO: GET /api/admins/pending
[2025-08-03 15:35:20] INFO: GET /api/admins/pending
[2025-08-03 15:36:44] INFO: GET /api/admins/pending
[2025-08-03 15:40:20] INFO: GET /api/admins/pending
[2025-08-03 15:40:26] INFO: GET /api/admins/pending
[2025-08-03 15:40:36] INFO: GET /api/admins/pending
[2025-08-03 15:40:50] INFO: GET /api/admins/pending
[2025-08-03 15:42:26] INFO: GET /api/admins/pending
[2025-08-03 15:42:29] INFO: GET /api/admins/pending
[2025-08-03 15:43:01] INFO: GET /api/admins/pending
[2025-08-03 15:43:06] INFO: GET /api/admins/pending
[2025-08-03 15:43:17] INFO: GET /api/admins/pending
[2025-08-03 15:53:03] INFO: GET /api/admins/pending
[2025-08-03 16:04:29] INFO: GET /api/admins/pending
[2025-08-03 16:04:31] INFO: GET /api/admins/pending
[2025-08-03 16:04:32] INFO: GET /api/admins/pending
[2025-08-03 16:10:09] INFO: GET /api/admins/pending
[2025-08-03 16:55:27] INFO: GET /api/admins/pending
[2025-08-03 16:55:32] INFO: GET /api/admins/pending
[2025-08-03 17:54:02] INFO: GET /api/admins/pending
[2025-08-03 17:54:05] INFO: PUT /api/admins/approved/teacher/688f2f90f128797eb1bb2c14
[2025-08-03 17:54:05] INFO: teacher approved with ID: 688f2f90f128797eb1bb2c14
[2025-08-03 17:55:35] INFO: GET /api/teachers/approved
[2025-08-03 17:55:40] INFO: GET /api/teachers/approved
[2025-08-03 17:57:36] INFO: GET /api/teachers/approved
[2025-08-03 18:02:13] INFO: GET /api/teachers/approved
[2025-08-03 18:04:08] INFO: GET /api/teachers/approved
[2025-08-03 18:04:18] INFO: GET /api/teachers/approved
[2025-08-03 18:04:51] INFO: GET /api/teachers/approved
[2025-08-03 18:10:29] INFO: GET /api/teachers/approved
[2025-08-03 18:11:37] INFO: GET /api/teachers/approved
[2025-08-03 18:14:49] INFO: GET /api/students/approved
[2025-08-03 18:14:53] INFO: GET /api/admins/pending
[2025-08-03 18:14:55] INFO: PUT /api/admins/approved/student/688f2e82f128797eb1bb2c12
[2025-08-03 18:14:55] INFO: student approved with ID: 688f2e82f128797eb1bb2c12
[2025-08-03 18:15:01] INFO: GET /api/students/approved
[2025-08-03 18:15:07] INFO: GET /api/students/approved
[2025-08-03 18:15:11] INFO: GET /api/admins/pending
[2025-08-03 18:15:16] INFO: GET /api/students/approved
[2025-08-03 18:15:29] INFO: GET /api/students/approved
[2025-08-03 18:18:38] INFO: GET /api/students/approved
[2025-08-03 18:19:29] INFO: GET /api/students/approved
[2025-08-03 18:25:38] INFO: GET /api/students/approved
[2025-08-03 18:27:17] INFO: GET /api/students/approved
[2025-08-03 19:27:03] INFO: GET /api/students/approved
[2025-08-04 12:15:12] INFO: GET /api/students/approved
[2025-08-04 12:15:19] INFO: GET /api/teachers/approved
[2025-08-04 12:35:28] INFO: POST /api/students/create
[2025-08-04 12:35:28] INFO: Student created: jissica123@gmail.com
[2025-08-04 12:36:00] INFO: GET /api/teachers/approved
